<?xml version="1.0" encoding="UTF-8"?>
<!-- Generated by org.testng.reporters.JUnitXMLReporter -->
<testsuite ignored="2" hostname="LAPTOP-30OCF8HK" failures="0" tests="1" name="Default test" time="0.067" errors="0" timestamp="2023-12-27T14:41:31 IST">
  <testcase classname="Phase2.AssisstedPractice.Projects.Seccond.DisabledTestDemo" name="testEnabled" time="0.018"/>
  <testcase classname="Phase2.AssisstedPractice.Projects.Seccond.DisabledTestDemo" name="testDisabled" time="0.0">
    <ignored/>
  </testcase> <!-- testDisabled -->
  <testcase classname="Phase2.AssisstedPractice.Projects.Seccond.DisabledTestDemo" name="anotherTestDisabled" time="0.0">
    <ignored/>
  </testcase> <!-- anotherTestDisabled -->
</testsuite> <!-- Default test -->
