<?xml version="1.0" encoding="UTF-8"?>
<testng-results ignored="0" total="1" passed="1" failed="0" skipped="0">
  <reporter-output>
  </reporter-output>
  <suite started-at="2023-12-27T14:41:31 IST" name="Default suite" finished-at="2023-12-27T14:41:31 IST" duration-ms="67">
    <groups>
    </groups>
    <test started-at="2023-12-27T14:41:31 IST" name="Default test" finished-at="2023-12-27T14:41:31 IST" duration-ms="67">
      <class name="Phase2.AssisstedPractice.Projects.Seccond.DisabledTestDemo">
        <test-method signature="testEnabled()[pri:0, instance:Phase2.AssisstedPractice.Projects.Seccond.DisabledTestDemo@f78a47e]" started-at="2023-12-27T14:41:31 IST" name="testEnabled" finished-at="2023-12-27T14:41:31 IST" duration-ms="18" status="PASS">
          <reporter-output>
          </reporter-output>
        </test-method> <!-- testEnabled -->
      </class> <!-- Phase2.AssisstedPractice.Projects.Seccond.DisabledTestDemo -->
    </test> <!-- Default test -->
  </suite> <!-- Default suite -->
</testng-results>
